Arguments: 
  /home/alvaro/.nvm/versions/node/v12.13.0/bin/node /home/alvaro/.nvm/versions/node/v12.13.0/bin/yarn init -Y

PATH: 
  /home/alvaro/.nvm/versions/node/v12.13.0/bin:/usr/local/sbin:/usr/local/bin:/usr/sbin:/usr/bin:/sbin:/bin:/usr/games:/usr/local/games:/snap/bin:/home/alvaro/Android/sdk/emulator:/home/alvaro/Android/sdk/tools:/home/alvaro/Android/sdk/tools/bin:/home/alvaro/Android/sdk/platform-tools:/home/alvaro/android-studio/bin:/home/alvaro/Android/sdk/emulator:/home/alvaro/Android/sdk/tools:/home/alvaro/Android/sdk/tools/bin:/home/alvaro/Android/sdk/platform-tools:/home/alvaro/android-studio/bin

Yarn version: 
  1.22.19

Node version: 
  12.13.0

Platform: 
  linux x64

Trace: 
  Error: canceled
      at Interface.<anonymous> (/home/alvaro/.nvm/versions/node/v12.13.0/lib/node_modules/yarn/lib/cli.js:137150:13)
      at Interface.emit (events.js:210:5)
      at Interface._ttyWrite (readline.js:887:16)
      at ReadStream.onkeypress (readline.js:191:10)
      at ReadStream.emit (events.js:210:5)
      at emitKeys (internal/readline/utils.js:433:14)
      at emitKeys.next (<anonymous>)
      at ReadStream.onData (readline.js:1153:36)
      at ReadStream.emit (events.js:210:5)
      at addChunk (_stream_readable.js:308:12)

npm manifest: 
  No manifest

yarn manifest: 
  No manifest

Lockfile: 
  No lockfile
